Aug 26 2017 22:02:01:631 IDT[II] [rabbit] Binding queue migrator.core/perm-tracker to routing key f.0a3aa90337d0d63cd21e5e855f61572d42f30d8a.#
Aug 26 2017 22:02:01:663 IDT[II] [rabbit] Binding queue migrator.core/clause-migrator to routing key f.65f37ab74f4c3fb697e980e25648895e153d79f7.#
Aug 26 2017 22:02:01:673 IDT[II] [rabbit] Binding queue storm.core/rule-topology to routing key f.5f1e52a0665a5605ac65a8506af00056c9f253c9.#
Aug 26 2017 22:02:01:686 IDT[II] [rabbit] Binding queue migrator.core/rule-migrator to routing key f.65f37ab74f4c3fb697e980e25648895e153d79f7.#
Aug 26 2017 22:02:02:249 IDT[II] [rabbit] Binding queue database-event-storage to routing key f.#
Aug 26 2017 22:02:05:152 IDT[II] [rabbit] Binding queue migrator.core/push-handler to routing key f.7f0d2bbaa1452ceade5eff514b40cf2321350a2e.#
Aug 26 2017 23:09:38:843 IDT[II] [rabbit] Binding queue amq.gen-Alnds9b_ZBLewS3XrBk10Q to routing key f.eb4fc5f71b2ed504b5ac10f1b937f5b8f28c26ee.#
Aug 26 2017 23:09:38:865 IDT[II] [rabbit] Binding queue amq.gen-Alnds9b_ZBLewS3XrBk10Q to routing key f.24ec9c032d438cc644f39273cc23d702d03fb232.dfdf42b067f4ede6c2578bde8e878fb88723adcd
Aug 26 2017 23:09:38:940 IDT[II] [rabbit] Binding queue amq.gen-Alnds9b_ZBLewS3XrBk10Q to routing key f.eb4fc5f71b2ed504b5ac10f1b937f5b8f28c26ee.baaceac189d940e03078a9edb2ceb46abe6560c1
Aug 26 2017 23:09:38:956 IDT[II] [rabbit] Binding queue amq.gen-Alnds9b_ZBLewS3XrBk10Q to routing key f.24ec9c032d438cc644f39273cc23d702d03fb232.291c018735bc0d01d5edc49c67bdbdf1a4ce8b38
Aug 26 2017 23:09:38:984 IDT[II] [rabbit] Publishing {:key "21698c79-7542-44d0-9fb2-9ffcd62216fa", :name "my-app/my-tasks?", :readers #{"g"}, :ts 1503778178901, :kind :fact, :change 1, :writers #{"g"}, :data ["g"]} on f.9fc56d9f2e8ec811dc6e3530fd046905b47d4280.291c018735bc0d01d5edc49c67bdbdf1a4ce8b38
Aug 26 2017 23:09:39:000 IDT[II] [rabbit] handling: {:ts 1503778178901, :change 1, :writers #{"g"}, :readers #{"g"}, :key "21698c79-7542-44d0-9fb2-9ffcd62216fa", :name "my-app/my-tasks?", :kind :fact, :data ["g"]} by: dynamo.core/module/fn--11368/fn--11369/fn--11371/fn--11373@1d6c3cde
Aug 26 2017 23:09:39:226 IDT[II] [rabbit] handling: {:ts 116886631436463N, :change 128, :writers #{"perm.QmUytwYfuSnXaG9U9jDLbYzfqMXWE9gaXK5w19Y4YWUjqE"}, :readers #{"g"}, :kind :fact, :name "my-app/my-tasks!", :key "21698c79-7542-44d0-9fb2-9ffcd62216fa", :data ("g" "bar foo" 1503771808214)} by: rabbit-microservices.core/module/fn--17468/fn--17469/fn--17471/fn--17474/fn--17476@41d6129d
Aug 26 2017 23:09:39:397 IDT[II] [rabbit] handling: {:ts 116886631436463N, :change 128, :writers #{"perm.QmUytwYfuSnXaG9U9jDLbYzfqMXWE9gaXK5w19Y4YWUjqE"}, :readers #{"g"}, :kind :fact, :name "my-app/my-tasks!", :key "21698c79-7542-44d0-9fb2-9ffcd62216fa", :data ("g" "bar foo" 1503771808214)} by: dynamo.core/module/fn--11368/fn--11369/fn--11371/fn--11373@1d6c3cde
Aug 26 2017 23:09:39:400 IDT[II] [rabbit] handling: {:ts 214091123109144N, :change 128, :writers #{"perm.QmUytwYfuSnXaG9U9jDLbYzfqMXWE9gaXK5w19Y4YWUjqE"}, :readers #{"g"}, :kind :fact, :name "my-app/my-tasks!", :key "21698c79-7542-44d0-9fb2-9ffcd62216fa", :data ("g" "foo bar" 1503771803112)} by: rabbit-microservices.core/module/fn--17468/fn--17469/fn--17471/fn--17474/fn--17476@41d6129d
Aug 26 2017 23:09:39:401 IDT[II] [rabbit] handling: {:ts 80869025404894N, :change 1, :writers #{"perm.QmUytwYfuSnXaG9U9jDLbYzfqMXWE9gaXK5w19Y4YWUjqE"}, :readers #{"g"}, :kind :fact, :name "my-app/my-tasks!", :key "21698c79-7542-44d0-9fb2-9ffcd62216fa", :data ("g" "this is @h" 1503771990341)} by: rabbit-microservices.core/module/fn--17468/fn--17469/fn--17471/fn--17474/fn--17476@41d6129d
Aug 26 2017 23:09:39:402 IDT[II] [rabbit] handling: {:ts 133306366220005N, :change 1, :writers #{"perm.QmUytwYfuSnXaG9U9jDLbYzfqMXWE9gaXK5w19Y4YWUjqE"}, :readers #{"g"}, :kind :fact, :name "my-app/my-tasks!", :key "21698c79-7542-44d0-9fb2-9ffcd62216fa", :data ("g" "foo bar" 1503771911821)} by: rabbit-microservices.core/module/fn--17468/fn--17469/fn--17471/fn--17474/fn--17476@41d6129d
Aug 26 2017 23:09:39:404 IDT[II] [rabbit] handling: {:ts 214091123109144N, :change 128, :writers #{"perm.QmUytwYfuSnXaG9U9jDLbYzfqMXWE9gaXK5w19Y4YWUjqE"}, :readers #{"g"}, :kind :fact, :name "my-app/my-tasks!", :key "21698c79-7542-44d0-9fb2-9ffcd62216fa", :data ("g" "foo bar" 1503771803112)} by: dynamo.core/module/fn--11368/fn--11369/fn--11371/fn--11373@1d6c3cde
Aug 26 2017 23:09:39:405 IDT[II] [rabbit] handling: {:ts 80869025404894N, :change 1, :writers #{"perm.QmUytwYfuSnXaG9U9jDLbYzfqMXWE9gaXK5w19Y4YWUjqE"}, :readers #{"g"}, :kind :fact, :name "my-app/my-tasks!", :key "21698c79-7542-44d0-9fb2-9ffcd62216fa", :data ("g" "this is @h" 1503771990341)} by: dynamo.core/module/fn--11368/fn--11369/fn--11371/fn--11373@1d6c3cde
Aug 26 2017 23:09:39:407 IDT[II] [rabbit] handling: {:ts 133306366220005N, :change 1, :writers #{"perm.QmUytwYfuSnXaG9U9jDLbYzfqMXWE9gaXK5w19Y4YWUjqE"}, :readers #{"g"}, :kind :fact, :name "my-app/my-tasks!", :key "21698c79-7542-44d0-9fb2-9ffcd62216fa", :data ("g" "foo bar" 1503771911821)} by: dynamo.core/module/fn--11368/fn--11369/fn--11371/fn--11373@1d6c3cde
Aug 26 2017 23:09:39:418 IDT[II] [rabbit] handling: {:ts 60935889803962N, :change 1, :writers #{"perm.QmUytwYfuSnXaG9U9jDLbYzfqMXWE9gaXK5w19Y4YWUjqE"}, :readers #{"g"}, :kind :fact, :name "my-app/my-tasks!", :key "21698c79-7542-44d0-9fb2-9ffcd62216fa", :data ("h" "123 @g this is for you" 1503772091633)} by: rabbit-microservices.core/module/fn--17468/fn--17469/fn--17471/fn--17474/fn--17476@41d6129d
Aug 26 2017 23:09:39:419 IDT[II] [rabbit] handling: {:ts 60935889803962N, :change 1, :writers #{"perm.QmUytwYfuSnXaG9U9jDLbYzfqMXWE9gaXK5w19Y4YWUjqE"}, :readers #{"g"}, :kind :fact, :name "my-app/my-tasks!", :key "21698c79-7542-44d0-9fb2-9ffcd62216fa", :data ("h" "123 @g this is for you" 1503772091633)} by: dynamo.core/module/fn--11368/fn--11369/fn--11371/fn--11373@1d6c3cde
Aug 26 2017 23:17:48:978 IDT[II] [rabbit] Binding queue migrator.core/clause-migrator to routing key f.65f37ab74f4c3fb697e980e25648895e153d79f7.#
Aug 26 2017 23:17:49:349 IDT[II] [rabbit] Binding queue database-event-storage to routing key f.#
